<?xml version="1.0" encoding="UTF-8"?>
<!-- Generated by org.testng.reporters.JUnitXMLReporter -->
<testsuite ignored="0" hostname="DESKTOP-T65CPCB" failures="0" tests="3" name="Test" time="0.041" errors="0" timestamp="2022-04-19T12:33:32 IST">
  <testcase classname="testcases.LoginPageTests" name="verifyLoginWithInValidCred" time="0.005"/>
  <testcase classname="testcases.LoginPageTests" name="verifyLoginWithValidCred" time="0.001"/>
  <testcase classname="testcases.SearchPageTests" name="verifySearch" time="0.002"/>
</testsuite> <!-- Test -->
