<?xml version="1.0" encoding="UTF-8"?>
<!-- Generated by org.testng.reporters.JUnitXMLReporter -->
<testsuite hostname="DESKTOP-T65CPCB" ignored="0" name="Test" tests="3" failures="0" timestamp="2022-04-19T16:09:35 IST" time="0.034" errors="0">
  <testcase name="verifyLoginWithInValidCred" time="0.003" classname="testcases.LoginPageTests"/>
  <testcase name="verifyLoginWithValidCred" time="0.0" classname="testcases.LoginPageTests"/>
  <testcase name="verifySearch" time="0.0" classname="testcases.SearchPageTests"/>
</testsuite> <!-- Test -->
