<?xml version="1.0" encoding="UTF-8"?>
<!-- Generated by org.testng.reporters.JUnitXMLReporter -->
<testsuite ignored="0" hostname="DESKTOP-T65CPCB" failures="0" tests="3" name="Test" time="0.035" errors="0" timestamp="2022-04-19T12:40:46 IST">
  <testcase classname="testcases.LoginPageTests" name="verifyLoginWithInValidCred" time="0.003"/>
  <testcase classname="testcases.LoginPageTests" name="verifyLoginWithValidCred" time="0.0"/>
  <testcase classname="testcases.SearchPageTests" name="verifySearch" time="0.001"/>
</testsuite> <!-- Test -->
