<?xml version="1.0" encoding="UTF-8"?>
<testsuite xmlns:xsi="http://www.w3.org/2001/XMLSchema-instance" xsi:noNamespaceSchemaLocation="https://maven.apache.org/surefire/maven-surefire-plugin/xsd/surefire-test-report.xsd" name="TestSuite" time="0.578" tests="3" errors="0" skipped="0" failures="0">
  <properties>
[...]
</properties>
  <testcase name="verifyLoginWithInValidCred" classname="testcases.LoginPageTests" time="0.004"/>
  <testcase name="verifyLoginWithValidCred" classname="testcases.LoginPageTests" time="0.001"/>
  <testcase name="verifySearch" classname="testcases.SearchPageTests" time="0"/>
</testsuite>