<?xml version="1.0" encoding="UTF-8"?>
<testng-results ignored="0" total="3" passed="3" failed="0" skipped="0">
  <reporter-output>
  </reporter-output>
  <suite started-at="2022-04-19T12:33:31 IST" name="Suite" finished-at="2022-04-19T12:33:32 IST" duration-ms="41">
    <groups>
    </groups>
    <test started-at="2022-04-19T12:33:31 IST" name="Test" finished-at="2022-04-19T12:33:32 IST" duration-ms="41">
      <class name="testcases.LoginPageTests">
        <test-method signature="verifyLoginWithInValidCred()[pri:0, instance:testcases.LoginPageTests@696da30b]" started-at="2022-04-19T12:33:31 IST" name="verifyLoginWithInValidCred" finished-at="2022-04-19T12:33:32 IST" duration-ms="5" status="PASS">
          <reporter-output>
          </reporter-output>
        </test-method> <!-- verifyLoginWithInValidCred -->
        <test-method signature="verifyLoginWithValidCred()[pri:0, instance:testcases.LoginPageTests@696da30b]" started-at="2022-04-19T12:33:32 IST" name="verifyLoginWithValidCred" finished-at="2022-04-19T12:33:32 IST" duration-ms="1" status="PASS">
          <reporter-output>
          </reporter-output>
        </test-method> <!-- verifyLoginWithValidCred -->
      </class> <!-- testcases.LoginPageTests -->
      <class name="testcases.SearchPageTests">
        <test-method signature="verifySearch()[pri:0, instance:testcases.SearchPageTests@5ace1ed4]" started-at="2022-04-19T12:33:32 IST" name="verifySearch" finished-at="2022-04-19T12:33:32 IST" duration-ms="2" status="PASS">
          <reporter-output>
          </reporter-output>
        </test-method> <!-- verifySearch -->
      </class> <!-- testcases.SearchPageTests -->
    </test> <!-- Test -->
  </suite> <!-- Suite -->
</testng-results>
